{"D:\\web development projects\\ongoing\\money\\backend\\controller\\accounts.controller.js": {"path":"D:\\web development projects\\ongoing\\money\\backend\\controller\\accounts.controller.js","statementMap":{"0":{"start":{"line":3,"column":39},"end":{"line":15,"column":1}},"1":{"start":{"line":4,"column":19},"end":{"line":4,"column":40}},"2":{"start":{"line":5,"column":4},"end":{"line":7,"column":5}},"3":{"start":{"line":6,"column":8},"end":{"line":6,"column":64}},"4":{"start":{"line":8,"column":4},"end":{"line":14,"column":5}},"5":{"start":{"line":9,"column":34},"end":{"line":9,"column":42}},"6":{"start":{"line":10,"column":24},"end":{"line":10,"column":88}},"7":{"start":{"line":11,"column":8},"end":{"line":11,"column":49}},"8":{"start":{"line":13,"column":8},"end":{"line":13,"column":62}},"9":{"start":{"line":17,"column":33},"end":{"line":24,"column":1}},"10":{"start":{"line":18,"column":4},"end":{"line":23,"column":5}},"11":{"start":{"line":19,"column":24},"end":{"line":19,"column":75}},"12":{"start":{"line":20,"column":8},"end":{"line":20,"column":49}},"13":{"start":{"line":22,"column":8},"end":{"line":22,"column":62}},"14":{"start":{"line":26,"column":38},"end":{"line":37,"column":1}},"15":{"start":{"line":27,"column":4},"end":{"line":36,"column":5}},"16":{"start":{"line":28,"column":27},"end":{"line":28,"column":35}},"17":{"start":{"line":29,"column":24},"end":{"line":29,"column":88}},"18":{"start":{"line":30,"column":8},"end":{"line":33,"column":11}},"19":{"start":{"line":35,"column":8},"end":{"line":35,"column":62}},"20":{"start":{"line":39,"column":37},"end":{"line":46,"column":1}},"21":{"start":{"line":40,"column":4},"end":{"line":45,"column":5}},"22":{"start":{"line":41,"column":29},"end":{"line":41,"column":90}},"23":{"start":{"line":42,"column":8},"end":{"line":42,"column":50}},"24":{"start":{"line":44,"column":8},"end":{"line":44,"column":62}},"25":{"start":{"line":48,"column":41},"end":{"line":58,"column":1}},"26":{"start":{"line":49,"column":4},"end":{"line":57,"column":5}},"27":{"start":{"line":50,"column":24},"end":{"line":50,"column":83}},"28":{"start":{"line":51,"column":8},"end":{"line":54,"column":11}},"29":{"start":{"line":56,"column":8},"end":{"line":56,"column":62}},"30":{"start":{"line":60,"column":39},"end":{"line":67,"column":1}},"31":{"start":{"line":61,"column":4},"end":{"line":66,"column":5}},"32":{"start":{"line":62,"column":23},"end":{"line":62,"column":80}},"33":{"start":{"line":63,"column":8},"end":{"line":63,"column":44}},"34":{"start":{"line":65,"column":8},"end":{"line":65,"column":62}},"35":{"start":{"line":68,"column":53},"end":{"line":75,"column":1}},"36":{"start":{"line":69,"column":4},"end":{"line":74,"column":5}},"37":{"start":{"line":70,"column":29},"end":{"line":70,"column":100}},"38":{"start":{"line":71,"column":8},"end":{"line":71,"column":54}},"39":{"start":{"line":73,"column":8},"end":{"line":73,"column":62}}},"fnMap":{"0":{"name":"(anonymous_0)","decl":{"start":{"line":3,"column":39},"end":{"line":3,"column":40}},"loc":{"start":{"line":3,"column":59},"end":{"line":15,"column":1}},"line":3},"1":{"name":"(anonymous_1)","decl":{"start":{"line":17,"column":33},"end":{"line":17,"column":34}},"loc":{"start":{"line":17,"column":53},"end":{"line":24,"column":1}},"line":17},"2":{"name":"(anonymous_2)","decl":{"start":{"line":26,"column":38},"end":{"line":26,"column":39}},"loc":{"start":{"line":26,"column":58},"end":{"line":37,"column":1}},"line":26},"3":{"name":"(anonymous_3)","decl":{"start":{"line":39,"column":37},"end":{"line":39,"column":38}},"loc":{"start":{"line":39,"column":57},"end":{"line":46,"column":1}},"line":39},"4":{"name":"(anonymous_4)","decl":{"start":{"line":48,"column":41},"end":{"line":48,"column":42}},"loc":{"start":{"line":48,"column":61},"end":{"line":58,"column":1}},"line":48},"5":{"name":"(anonymous_5)","decl":{"start":{"line":60,"column":39},"end":{"line":60,"column":40}},"loc":{"start":{"line":60,"column":59},"end":{"line":67,"column":1}},"line":60},"6":{"name":"(anonymous_6)","decl":{"start":{"line":68,"column":53},"end":{"line":68,"column":54}},"loc":{"start":{"line":68,"column":73},"end":{"line":75,"column":1}},"line":68}},"branchMap":{"0":{"loc":{"start":{"line":5,"column":4},"end":{"line":7,"column":5}},"type":"if","locations":[{"start":{"line":5,"column":4},"end":{"line":7,"column":5}},{"start":{},"end":{}}],"line":5}},"s":{"0":0,"1":0,"2":0,"3":0,"4":0,"5":0,"6":0,"7":0,"8":0,"9":0,"10":0,"11":0,"12":0,"13":0,"14":0,"15":0,"16":0,"17":0,"18":0,"19":0,"20":0,"21":0,"22":0,"23":0,"24":0,"25":0,"26":0,"27":0,"28":0,"29":0,"30":0,"31":0,"32":0,"33":0,"34":0,"35":0,"36":0,"37":0,"38":0,"39":0},"f":{"0":0,"1":0,"2":0,"3":0,"4":0,"5":0,"6":0},"b":{"0":[0,0]},"inputSourceMap":null}
,"D:\\web development projects\\ongoing\\money\\backend\\controller\\transaction.controller.js": {"path":"D:\\web development projects\\ongoing\\money\\backend\\controller\\transaction.controller.js","statementMap":{"0":{"start":{"line":4,"column":43},"end":{"line":16,"column":1}},"1":{"start":{"line":5,"column":19},"end":{"line":5,"column":40}},"2":{"start":{"line":6,"column":4},"end":{"line":8,"column":5}},"3":{"start":{"line":7,"column":8},"end":{"line":7,"column":64}},"4":{"start":{"line":9,"column":4},"end":{"line":15,"column":5}},"5":{"start":{"line":10,"column":59},"end":{"line":10,"column":67}},"6":{"start":{"line":11,"column":23},"end":{"line":11,"column":120}},"7":{"start":{"line":12,"column":8},"end":{"line":12,"column":44}},"8":{"start":{"line":14,"column":8},"end":{"line":14,"column":62}},"9":{"start":{"line":17,"column":40},"end":{"line":24,"column":1}},"10":{"start":{"line":18,"column":4},"end":{"line":23,"column":5}},"11":{"start":{"line":19,"column":28},"end":{"line":19,"column":94}},"12":{"start":{"line":20,"column":8},"end":{"line":20,"column":53}},"13":{"start":{"line":22,"column":8},"end":{"line":22,"column":62}},"14":{"start":{"line":26,"column":43},"end":{"line":34,"column":1}},"15":{"start":{"line":27,"column":4},"end":{"line":33,"column":5}},"16":{"start":{"line":28,"column":63},"end":{"line":28,"column":71}},"17":{"start":{"line":29,"column":28},"end":{"line":29,"column":115}},"18":{"start":{"line":30,"column":8},"end":{"line":30,"column":53}},"19":{"start":{"line":32,"column":8},"end":{"line":32,"column":62}},"20":{"start":{"line":36,"column":43},"end":{"line":43,"column":1}},"21":{"start":{"line":37,"column":4},"end":{"line":42,"column":5}},"22":{"start":{"line":38,"column":28},"end":{"line":38,"column":97}},"23":{"start":{"line":39,"column":8},"end":{"line":39,"column":53}},"24":{"start":{"line":41,"column":8},"end":{"line":41,"column":62}}},"fnMap":{"0":{"name":"(anonymous_0)","decl":{"start":{"line":4,"column":43},"end":{"line":4,"column":44}},"loc":{"start":{"line":4,"column":63},"end":{"line":16,"column":1}},"line":4},"1":{"name":"(anonymous_1)","decl":{"start":{"line":17,"column":40},"end":{"line":17,"column":41}},"loc":{"start":{"line":17,"column":60},"end":{"line":24,"column":1}},"line":17},"2":{"name":"(anonymous_2)","decl":{"start":{"line":26,"column":43},"end":{"line":26,"column":44}},"loc":{"start":{"line":26,"column":63},"end":{"line":34,"column":1}},"line":26},"3":{"name":"(anonymous_3)","decl":{"start":{"line":36,"column":43},"end":{"line":36,"column":44}},"loc":{"start":{"line":36,"column":63},"end":{"line":43,"column":1}},"line":36}},"branchMap":{"0":{"loc":{"start":{"line":6,"column":4},"end":{"line":8,"column":5}},"type":"if","locations":[{"start":{"line":6,"column":4},"end":{"line":8,"column":5}},{"start":{},"end":{}}],"line":6}},"s":{"0":0,"1":0,"2":0,"3":0,"4":0,"5":0,"6":0,"7":0,"8":0,"9":0,"10":0,"11":0,"12":0,"13":0,"14":0,"15":0,"16":0,"17":0,"18":0,"19":0,"20":0,"21":0,"22":0,"23":0,"24":0},"f":{"0":0,"1":0,"2":0,"3":0},"b":{"0":[0,0]},"inputSourceMap":null}
,"D:\\web development projects\\ongoing\\money\\backend\\controller\\user.controller.js": {"path":"D:\\web development projects\\ongoing\\money\\backend\\controller\\user.controller.js","statementMap":{"0":{"start":{"line":6,"column":36},"end":{"line":19,"column":1}},"1":{"start":{"line":7,"column":19},"end":{"line":7,"column":40}},"2":{"start":{"line":8,"column":4},"end":{"line":10,"column":5}},"3":{"start":{"line":9,"column":8},"end":{"line":9,"column":64}},"4":{"start":{"line":11,"column":4},"end":{"line":18,"column":5}},"5":{"start":{"line":12,"column":36},"end":{"line":12,"column":44}},"6":{"start":{"line":13,"column":21},"end":{"line":13,"column":67}},"7":{"start":{"line":14,"column":22},"end":{"line":14,"column":40}},"8":{"start":{"line":15,"column":8},"end":{"line":15,"column":53}},"9":{"start":{"line":17,"column":8},"end":{"line":17,"column":62}},"10":{"start":{"line":21,"column":35},"end":{"line":34,"column":1}},"11":{"start":{"line":22,"column":19},"end":{"line":22,"column":40}},"12":{"start":{"line":23,"column":4},"end":{"line":25,"column":5}},"13":{"start":{"line":24,"column":8},"end":{"line":24,"column":63}},"14":{"start":{"line":26,"column":4},"end":{"line":33,"column":5}},"15":{"start":{"line":27,"column":36},"end":{"line":27,"column":44}},"16":{"start":{"line":28,"column":21},"end":{"line":28,"column":66}},"17":{"start":{"line":29,"column":22},"end":{"line":29,"column":40}},"18":{"start":{"line":30,"column":8},"end":{"line":30,"column":52}},"19":{"start":{"line":32,"column":8},"end":{"line":32,"column":61}},"20":{"start":{"line":36,"column":37},"end":{"line":43,"column":1}},"21":{"start":{"line":37,"column":4},"end":{"line":42,"column":5}},"22":{"start":{"line":39,"column":8},"end":{"line":39,"column":49}},"23":{"start":{"line":41,"column":8},"end":{"line":41,"column":44}},"24":{"start":{"line":44,"column":36},"end":{"line":53,"column":1}},"25":{"start":{"line":45,"column":4},"end":{"line":52,"column":5}},"26":{"start":{"line":46,"column":22},"end":{"line":46,"column":82}},"27":{"start":{"line":47,"column":8},"end":{"line":47,"column":67}},"28":{"start":{"line":48,"column":8},"end":{"line":48,"column":33}},"29":{"start":{"line":49,"column":8},"end":{"line":49,"column":62}},"30":{"start":{"line":51,"column":8},"end":{"line":51,"column":42}},"31":{"start":{"line":54,"column":40},"end":{"line":61,"column":1}},"32":{"start":{"line":55,"column":4},"end":{"line":60,"column":5}},"33":{"start":{"line":56,"column":25},"end":{"line":56,"column":72}},"34":{"start":{"line":57,"column":8},"end":{"line":57,"column":50}},"35":{"start":{"line":59,"column":8},"end":{"line":59,"column":62}},"36":{"start":{"line":62,"column":44},"end":{"line":69,"column":1}},"37":{"start":{"line":63,"column":4},"end":{"line":68,"column":5}},"38":{"start":{"line":64,"column":29},"end":{"line":64,"column":80}},"39":{"start":{"line":65,"column":8},"end":{"line":65,"column":54}},"40":{"start":{"line":67,"column":8},"end":{"line":67,"column":62}}},"fnMap":{"0":{"name":"(anonymous_0)","decl":{"start":{"line":6,"column":36},"end":{"line":6,"column":37}},"loc":{"start":{"line":6,"column":56},"end":{"line":19,"column":1}},"line":6},"1":{"name":"(anonymous_1)","decl":{"start":{"line":21,"column":35},"end":{"line":21,"column":36}},"loc":{"start":{"line":21,"column":55},"end":{"line":34,"column":1}},"line":21},"2":{"name":"(anonymous_2)","decl":{"start":{"line":36,"column":37},"end":{"line":36,"column":38}},"loc":{"start":{"line":36,"column":57},"end":{"line":43,"column":1}},"line":36},"3":{"name":"(anonymous_3)","decl":{"start":{"line":44,"column":36},"end":{"line":44,"column":37}},"loc":{"start":{"line":44,"column":56},"end":{"line":53,"column":1}},"line":44},"4":{"name":"(anonymous_4)","decl":{"start":{"line":54,"column":40},"end":{"line":54,"column":41}},"loc":{"start":{"line":54,"column":60},"end":{"line":61,"column":1}},"line":54},"5":{"name":"(anonymous_5)","decl":{"start":{"line":62,"column":44},"end":{"line":62,"column":45}},"loc":{"start":{"line":62,"column":64},"end":{"line":69,"column":1}},"line":62}},"branchMap":{"0":{"loc":{"start":{"line":8,"column":4},"end":{"line":10,"column":5}},"type":"if","locations":[{"start":{"line":8,"column":4},"end":{"line":10,"column":5}},{"start":{},"end":{}}],"line":8},"1":{"loc":{"start":{"line":23,"column":4},"end":{"line":25,"column":5}},"type":"if","locations":[{"start":{"line":23,"column":4},"end":{"line":25,"column":5}},{"start":{},"end":{}}],"line":23},"2":{"loc":{"start":{"line":46,"column":22},"end":{"line":46,"column":82}},"type":"binary-expr","locations":[{"start":{"line":46,"column":22},"end":{"line":46,"column":39}},{"start":{"line":46,"column":43},"end":{"line":46,"column":82}}],"line":46}},"s":{"0":0,"1":0,"2":0,"3":0,"4":0,"5":0,"6":0,"7":0,"8":0,"9":0,"10":0,"11":0,"12":0,"13":0,"14":0,"15":0,"16":0,"17":0,"18":0,"19":0,"20":0,"21":0,"22":0,"23":0,"24":0,"25":0,"26":0,"27":0,"28":0,"29":0,"30":0,"31":0,"32":0,"33":0,"34":0,"35":0,"36":0,"37":0,"38":0,"39":0,"40":0},"f":{"0":0,"1":0,"2":0,"3":0,"4":0,"5":0},"b":{"0":[0,0],"1":[0,0],"2":[0,0]},"inputSourceMap":null}
,"D:\\web development projects\\ongoing\\money\\backend\\middleware\\auth.middleware.js": {"path":"D:\\web development projects\\ongoing\\money\\backend\\middleware\\auth.middleware.js","statementMap":{"0":{"start":{"line":4,"column":24},"end":{"line":17,"column":1}},"1":{"start":{"line":5,"column":18},"end":{"line":5,"column":57}},"2":{"start":{"line":6,"column":26},"end":{"line":6,"column":54}},"3":{"start":{"line":7,"column":4},"end":{"line":9,"column":5}},"4":{"start":{"line":8,"column":8},"end":{"line":8,"column":64}},"5":{"start":{"line":10,"column":4},"end":{"line":16,"column":6}},"6":{"start":{"line":11,"column":8},"end":{"line":13,"column":9}},"7":{"start":{"line":12,"column":12},"end":{"line":12,"column":68}},"8":{"start":{"line":14,"column":8},"end":{"line":14,"column":27}},"9":{"start":{"line":15,"column":8},"end":{"line":15,"column":15}}},"fnMap":{"0":{"name":"(anonymous_0)","decl":{"start":{"line":4,"column":24},"end":{"line":4,"column":25}},"loc":{"start":{"line":4,"column":50},"end":{"line":17,"column":1}},"line":4},"1":{"name":"(anonymous_1)","decl":{"start":{"line":10,"column":46},"end":{"line":10,"column":47}},"loc":{"start":{"line":10,"column":64},"end":{"line":16,"column":5}},"line":10}},"branchMap":{"0":{"loc":{"start":{"line":7,"column":4},"end":{"line":9,"column":5}},"type":"if","locations":[{"start":{"line":7,"column":4},"end":{"line":9,"column":5}},{"start":{},"end":{}}],"line":7},"1":{"loc":{"start":{"line":11,"column":8},"end":{"line":13,"column":9}},"type":"if","locations":[{"start":{"line":11,"column":8},"end":{"line":13,"column":9}},{"start":{},"end":{}}],"line":11}},"s":{"0":0,"1":0,"2":0,"3":0,"4":0,"5":0,"6":0,"7":0,"8":0,"9":0},"f":{"0":0,"1":0},"b":{"0":[0,0],"1":[0,0]},"inputSourceMap":null}
,"D:\\web development projects\\ongoing\\money\\backend\\models\\account.model.js": {"path":"D:\\web development projects\\ongoing\\money\\backend\\models\\account.model.js","statementMap":{"0":{"start":{"line":3,"column":22},"end":{"line":35,"column":2}},"1":{"start":{"line":37,"column":16},"end":{"line":37,"column":56}}},"fnMap":{},"branchMap":{},"s":{"0":0,"1":0},"f":{},"b":{},"inputSourceMap":null}
,"D:\\web development projects\\ongoing\\money\\backend\\models\\transaction.model.js": {"path":"D:\\web development projects\\ongoing\\money\\backend\\models\\transaction.model.js","statementMap":{"0":{"start":{"line":3,"column":26},"end":{"line":41,"column":2}},"1":{"start":{"line":43,"column":20},"end":{"line":43,"column":68}}},"fnMap":{},"branchMap":{},"s":{"0":0,"1":0},"f":{},"b":{},"inputSourceMap":null}
,"D:\\web development projects\\ongoing\\money\\backend\\models\\user.model.js": {"path":"D:\\web development projects\\ongoing\\money\\backend\\models\\user.model.js","statementMap":{"0":{"start":{"line":6,"column":0},"end":{"line":6,"column":16}},"1":{"start":{"line":8,"column":19},"end":{"line":30,"column":2}},"2":{"start":{"line":18,"column":16},"end":{"line":18,"column":79}},"3":{"start":{"line":32,"column":0},"end":{"line":34,"column":1}},"4":{"start":{"line":33,"column":4},"end":{"line":33,"column":72}},"5":{"start":{"line":35,"column":0},"end":{"line":37,"column":1}},"6":{"start":{"line":36,"column":4},"end":{"line":36,"column":57}},"7":{"start":{"line":38,"column":0},"end":{"line":40,"column":1}},"8":{"start":{"line":39,"column":4},"end":{"line":39,"column":103}},"9":{"start":{"line":42,"column":13},"end":{"line":42,"column":47}}},"fnMap":{"0":{"name":"(anonymous_0)","decl":{"start":{"line":17,"column":23},"end":{"line":17,"column":24}},"loc":{"start":{"line":17,"column":36},"end":{"line":19,"column":13}},"line":17},"1":{"name":"(anonymous_1)","decl":{"start":{"line":32,"column":34},"end":{"line":32,"column":35}},"loc":{"start":{"line":32,"column":60},"end":{"line":34,"column":1}},"line":32},"2":{"name":"(anonymous_2)","decl":{"start":{"line":35,"column":37},"end":{"line":35,"column":38}},"loc":{"start":{"line":35,"column":63},"end":{"line":37,"column":1}},"line":35},"3":{"name":"(anonymous_3)","decl":{"start":{"line":38,"column":33},"end":{"line":38,"column":34}},"loc":{"start":{"line":38,"column":45},"end":{"line":40,"column":1}},"line":38}},"branchMap":{},"s":{"0":0,"1":0,"2":0,"3":0,"4":0,"5":0,"6":0,"7":0,"8":0,"9":0},"f":{"0":0,"1":0,"2":0,"3":0},"b":{},"inputSourceMap":null}
,"D:\\web development projects\\ongoing\\money\\backend\\services\\accounts.services.js": {"path":"D:\\web development projects\\ongoing\\money\\backend\\services\\accounts.services.js","statementMap":{"0":{"start":{"line":4,"column":29},"end":{"line":9,"column":1}},"1":{"start":{"line":5,"column":4},"end":{"line":6,"column":51}},"2":{"start":{"line":6,"column":8},"end":{"line":6,"column":51}},"3":{"start":{"line":7,"column":20},"end":{"line":7,"column":67}},"4":{"start":{"line":8,"column":4},"end":{"line":8,"column":19}},"5":{"start":{"line":11,"column":23},"end":{"line":18,"column":1}},"6":{"start":{"line":12,"column":4},"end":{"line":13,"column":50}},"7":{"start":{"line":13,"column":8},"end":{"line":13,"column":50}},"8":{"start":{"line":14,"column":20},"end":{"line":14,"column":53}},"9":{"start":{"line":15,"column":4},"end":{"line":16,"column":45}},"10":{"start":{"line":16,"column":8},"end":{"line":16,"column":45}},"11":{"start":{"line":17,"column":4},"end":{"line":17,"column":19}},"12":{"start":{"line":20,"column":28},"end":{"line":36,"column":1}},"13":{"start":{"line":21,"column":4},"end":{"line":22,"column":50}},"14":{"start":{"line":22,"column":8},"end":{"line":22,"column":50}},"15":{"start":{"line":23,"column":4},"end":{"line":24,"column":53}},"16":{"start":{"line":24,"column":8},"end":{"line":24,"column":53}},"17":{"start":{"line":26,"column":20},"end":{"line":30,"column":5}},"18":{"start":{"line":32,"column":4},"end":{"line":33,"column":45}},"19":{"start":{"line":33,"column":8},"end":{"line":33,"column":45}},"20":{"start":{"line":35,"column":4},"end":{"line":35,"column":19}},"21":{"start":{"line":38,"column":33},"end":{"line":68,"column":1}},"22":{"start":{"line":39,"column":4},"end":{"line":40,"column":50}},"23":{"start":{"line":40,"column":8},"end":{"line":40,"column":50}},"24":{"start":{"line":42,"column":20},"end":{"line":42,"column":53}},"25":{"start":{"line":43,"column":4},"end":{"line":44,"column":45}},"26":{"start":{"line":44,"column":8},"end":{"line":44,"column":45}},"27":{"start":{"line":46,"column":4},"end":{"line":52,"column":5}},"28":{"start":{"line":47,"column":8},"end":{"line":51,"column":10}},"29":{"start":{"line":54,"column":26},"end":{"line":54,"column":59}},"30":{"start":{"line":56,"column":4},"end":{"line":59,"column":5}},"31":{"start":{"line":57,"column":8},"end":{"line":57,"column":37}},"32":{"start":{"line":58,"column":8},"end":{"line":58,"column":29}},"33":{"start":{"line":61,"column":4},"end":{"line":67,"column":6}},"34":{"start":{"line":70,"column":31},"end":{"line":84,"column":1}},"35":{"start":{"line":71,"column":4},"end":{"line":72,"column":50}},"36":{"start":{"line":72,"column":8},"end":{"line":72,"column":50}},"37":{"start":{"line":74,"column":20},"end":{"line":78,"column":5}},"38":{"start":{"line":80,"column":4},"end":{"line":81,"column":45}},"39":{"start":{"line":81,"column":8},"end":{"line":81,"column":45}},"40":{"start":{"line":83,"column":4},"end":{"line":83,"column":19}},"41":{"start":{"line":86,"column":29},"end":{"line":99,"column":1}},"42":{"start":{"line":87,"column":4},"end":{"line":88,"column":50}},"43":{"start":{"line":88,"column":8},"end":{"line":88,"column":50}},"44":{"start":{"line":90,"column":20},"end":{"line":90,"column":53}},"45":{"start":{"line":91,"column":4},"end":{"line":92,"column":45}},"46":{"start":{"line":92,"column":8},"end":{"line":92,"column":45}},"47":{"start":{"line":94,"column":4},"end":{"line":95,"column":108}},"48":{"start":{"line":95,"column":8},"end":{"line":95,"column":108}},"49":{"start":{"line":97,"column":4},"end":{"line":97,"column":47}},"50":{"start":{"line":98,"column":4},"end":{"line":98,"column":55}},"51":{"start":{"line":100,"column":43},"end":{"line":105,"column":1}},"52":{"start":{"line":101,"column":4},"end":{"line":102,"column":50}},"53":{"start":{"line":102,"column":8},"end":{"line":102,"column":50}},"54":{"start":{"line":103,"column":25},"end":{"line":103,"column":62}},"55":{"start":{"line":104,"column":4},"end":{"line":104,"column":24}}},"fnMap":{"0":{"name":"(anonymous_0)","decl":{"start":{"line":4,"column":29},"end":{"line":4,"column":30}},"loc":{"start":{"line":4,"column":62},"end":{"line":9,"column":1}},"line":4},"1":{"name":"(anonymous_1)","decl":{"start":{"line":11,"column":23},"end":{"line":11,"column":24}},"loc":{"start":{"line":11,"column":44},"end":{"line":18,"column":1}},"line":11},"2":{"name":"(anonymous_2)","decl":{"start":{"line":20,"column":28},"end":{"line":20,"column":29}},"loc":{"start":{"line":20,"column":57},"end":{"line":36,"column":1}},"line":20},"3":{"name":"(anonymous_3)","decl":{"start":{"line":38,"column":33},"end":{"line":38,"column":34}},"loc":{"start":{"line":38,"column":54},"end":{"line":68,"column":1}},"line":38},"4":{"name":"(anonymous_4)","decl":{"start":{"line":70,"column":31},"end":{"line":70,"column":32}},"loc":{"start":{"line":70,"column":52},"end":{"line":84,"column":1}},"line":70},"5":{"name":"(anonymous_5)","decl":{"start":{"line":86,"column":29},"end":{"line":86,"column":30}},"loc":{"start":{"line":86,"column":50},"end":{"line":99,"column":1}},"line":86},"6":{"name":"(anonymous_6)","decl":{"start":{"line":100,"column":43},"end":{"line":100,"column":44}},"loc":{"start":{"line":100,"column":64},"end":{"line":105,"column":1}},"line":100}},"branchMap":{"0":{"loc":{"start":{"line":5,"column":4},"end":{"line":6,"column":51}},"type":"if","locations":[{"start":{"line":5,"column":4},"end":{"line":6,"column":51}},{"start":{},"end":{}}],"line":5},"1":{"loc":{"start":{"line":5,"column":8},"end":{"line":5,"column":69}},"type":"binary-expr","locations":[{"start":{"line":5,"column":8},"end":{"line":5,"column":15}},{"start":{"line":5,"column":19},"end":{"line":5,"column":24}},{"start":{"line":5,"column":28},"end":{"line":5,"column":49}},{"start":{"line":5,"column":53},"end":{"line":5,"column":69}}],"line":5},"2":{"loc":{"start":{"line":12,"column":4},"end":{"line":13,"column":50}},"type":"if","locations":[{"start":{"line":12,"column":4},"end":{"line":13,"column":50}},{"start":{},"end":{}}],"line":12},"3":{"loc":{"start":{"line":15,"column":4},"end":{"line":16,"column":45}},"type":"if","locations":[{"start":{"line":15,"column":4},"end":{"line":16,"column":45}},{"start":{},"end":{}}],"line":15},"4":{"loc":{"start":{"line":21,"column":4},"end":{"line":22,"column":50}},"type":"if","locations":[{"start":{"line":21,"column":4},"end":{"line":22,"column":50}},{"start":{},"end":{}}],"line":21},"5":{"loc":{"start":{"line":23,"column":4},"end":{"line":24,"column":53}},"type":"if","locations":[{"start":{"line":23,"column":4},"end":{"line":24,"column":53}},{"start":{},"end":{}}],"line":23},"6":{"loc":{"start":{"line":23,"column":8},"end":{"line":23,"column":47}},"type":"binary-expr","locations":[{"start":{"line":23,"column":8},"end":{"line":23,"column":28}},{"start":{"line":23,"column":32},"end":{"line":23,"column":47}}],"line":23},"7":{"loc":{"start":{"line":32,"column":4},"end":{"line":33,"column":45}},"type":"if","locations":[{"start":{"line":32,"column":4},"end":{"line":33,"column":45}},{"start":{},"end":{}}],"line":32},"8":{"loc":{"start":{"line":39,"column":4},"end":{"line":40,"column":50}},"type":"if","locations":[{"start":{"line":39,"column":4},"end":{"line":40,"column":50}},{"start":{},"end":{}}],"line":39},"9":{"loc":{"start":{"line":43,"column":4},"end":{"line":44,"column":45}},"type":"if","locations":[{"start":{"line":43,"column":4},"end":{"line":44,"column":45}},{"start":{},"end":{}}],"line":43},"10":{"loc":{"start":{"line":46,"column":4},"end":{"line":52,"column":5}},"type":"if","locations":[{"start":{"line":46,"column":4},"end":{"line":52,"column":5}},{"start":{},"end":{}}],"line":46},"11":{"loc":{"start":{"line":56,"column":4},"end":{"line":59,"column":5}},"type":"if","locations":[{"start":{"line":56,"column":4},"end":{"line":59,"column":5}},{"start":{},"end":{}}],"line":56},"12":{"loc":{"start":{"line":56,"column":8},"end":{"line":56,"column":47}},"type":"binary-expr","locations":[{"start":{"line":56,"column":8},"end":{"line":56,"column":21}},{"start":{"line":56,"column":25},"end":{"line":56,"column":47}}],"line":56},"13":{"loc":{"start":{"line":71,"column":4},"end":{"line":72,"column":50}},"type":"if","locations":[{"start":{"line":71,"column":4},"end":{"line":72,"column":50}},{"start":{},"end":{}}],"line":71},"14":{"loc":{"start":{"line":80,"column":4},"end":{"line":81,"column":45}},"type":"if","locations":[{"start":{"line":80,"column":4},"end":{"line":81,"column":45}},{"start":{},"end":{}}],"line":80},"15":{"loc":{"start":{"line":87,"column":4},"end":{"line":88,"column":50}},"type":"if","locations":[{"start":{"line":87,"column":4},"end":{"line":88,"column":50}},{"start":{},"end":{}}],"line":87},"16":{"loc":{"start":{"line":91,"column":4},"end":{"line":92,"column":45}},"type":"if","locations":[{"start":{"line":91,"column":4},"end":{"line":92,"column":45}},{"start":{},"end":{}}],"line":91},"17":{"loc":{"start":{"line":94,"column":4},"end":{"line":95,"column":108}},"type":"if","locations":[{"start":{"line":94,"column":4},"end":{"line":95,"column":108}},{"start":{},"end":{}}],"line":94},"18":{"loc":{"start":{"line":101,"column":4},"end":{"line":102,"column":50}},"type":"if","locations":[{"start":{"line":101,"column":4},"end":{"line":102,"column":50}},{"start":{},"end":{}}],"line":101}},"s":{"0":0,"1":0,"2":0,"3":0,"4":0,"5":0,"6":0,"7":0,"8":0,"9":0,"10":0,"11":0,"12":0,"13":0,"14":0,"15":0,"16":0,"17":0,"18":0,"19":0,"20":0,"21":0,"22":0,"23":0,"24":0,"25":0,"26":0,"27":0,"28":0,"29":0,"30":0,"31":0,"32":0,"33":0,"34":0,"35":0,"36":0,"37":0,"38":0,"39":0,"40":0,"41":0,"42":0,"43":0,"44":0,"45":0,"46":0,"47":0,"48":0,"49":0,"50":0,"51":0,"52":0,"53":0,"54":0,"55":0},"f":{"0":0,"1":0,"2":0,"3":0,"4":0,"5":0,"6":0},"b":{"0":[0,0],"1":[0,0,0,0],"2":[0,0],"3":[0,0],"4":[0,0],"5":[0,0],"6":[0,0],"7":[0,0],"8":[0,0],"9":[0,0],"10":[0,0],"11":[0,0],"12":[0,0],"13":[0,0],"14":[0,0],"15":[0,0],"16":[0,0],"17":[0,0],"18":[0,0]},"inputSourceMap":null}
,"D:\\web development projects\\ongoing\\money\\backend\\services\\redis.services.js": {"path":"D:\\web development projects\\ongoing\\money\\backend\\services\\redis.services.js","statementMap":{"0":{"start":{"line":3,"column":0},"end":{"line":3,"column":16}},"1":{"start":{"line":4,"column":20},"end":{"line":8,"column":2}},"2":{"start":{"line":9,"column":0},"end":{"line":9,"column":64}},"3":{"start":{"line":9,"column":32},"end":{"line":9,"column":62}},"4":{"start":{"line":10,"column":0},"end":{"line":10,"column":51}},"5":{"start":{"line":10,"column":33},"end":{"line":10,"column":49}}},"fnMap":{"0":{"name":"(anonymous_0)","decl":{"start":{"line":9,"column":26},"end":{"line":9,"column":27}},"loc":{"start":{"line":9,"column":32},"end":{"line":9,"column":62}},"line":9},"1":{"name":"(anonymous_1)","decl":{"start":{"line":10,"column":24},"end":{"line":10,"column":25}},"loc":{"start":{"line":10,"column":33},"end":{"line":10,"column":49}},"line":10}},"branchMap":{},"s":{"0":0,"1":0,"2":0,"3":0,"4":0,"5":0},"f":{"0":0,"1":0},"b":{},"inputSourceMap":null}
,"D:\\web development projects\\ongoing\\money\\backend\\services\\transaction.services.js": {"path":"D:\\web development projects\\ongoing\\money\\backend\\services\\transaction.services.js","statementMap":{"0":{"start":{"line":4,"column":33},"end":{"line":54,"column":1}},"1":{"start":{"line":5,"column":4},"end":{"line":6,"column":51}},"2":{"start":{"line":6,"column":8},"end":{"line":6,"column":51}},"3":{"start":{"line":9,"column":20},"end":{"line":9,"column":53}},"4":{"start":{"line":10,"column":4},"end":{"line":11,"column":45}},"5":{"start":{"line":11,"column":8},"end":{"line":11,"column":45}},"6":{"start":{"line":14,"column":4},"end":{"line":15,"column":73}},"7":{"start":{"line":15,"column":8},"end":{"line":15,"column":73}},"8":{"start":{"line":19,"column":4},"end":{"line":30,"column":5}},"9":{"start":{"line":21,"column":8},"end":{"line":21,"column":46}},"10":{"start":{"line":22,"column":11},"end":{"line":30,"column":5}},"11":{"start":{"line":25,"column":8},"end":{"line":26,"column":87}},"12":{"start":{"line":26,"column":12},"end":{"line":26,"column":87}},"13":{"start":{"line":27,"column":8},"end":{"line":27,"column":46}},"14":{"start":{"line":29,"column":8},"end":{"line":29,"column":81}},"15":{"start":{"line":33,"column":24},"end":{"line":41,"column":6}},"16":{"start":{"line":44,"column":4},"end":{"line":44,"column":33}},"17":{"start":{"line":47,"column":4},"end":{"line":49,"column":5}},"18":{"start":{"line":48,"column":8},"end":{"line":48,"column":37}},"19":{"start":{"line":51,"column":4},"end":{"line":51,"column":25}},"20":{"start":{"line":53,"column":4},"end":{"line":53,"column":36}},"21":{"start":{"line":56,"column":30},"end":{"line":63,"column":1}},"22":{"start":{"line":57,"column":4},"end":{"line":58,"column":54}},"23":{"start":{"line":58,"column":8},"end":{"line":58,"column":54}},"24":{"start":{"line":59,"column":24},"end":{"line":59,"column":65}},"25":{"start":{"line":60,"column":4},"end":{"line":61,"column":49}},"26":{"start":{"line":61,"column":8},"end":{"line":61,"column":49}},"27":{"start":{"line":62,"column":4},"end":{"line":62,"column":23}},"28":{"start":{"line":65,"column":33},"end":{"line":77,"column":1}},"29":{"start":{"line":66,"column":4},"end":{"line":67,"column":51}},"30":{"start":{"line":67,"column":8},"end":{"line":67,"column":51}},"31":{"start":{"line":68,"column":24},"end":{"line":68,"column":65}},"32":{"start":{"line":69,"column":4},"end":{"line":70,"column":49}},"33":{"start":{"line":70,"column":8},"end":{"line":70,"column":49}},"34":{"start":{"line":71,"column":4},"end":{"line":71,"column":32}},"35":{"start":{"line":72,"column":4},"end":{"line":72,"column":28}},"36":{"start":{"line":73,"column":4},"end":{"line":73,"column":34}},"37":{"start":{"line":74,"column":4},"end":{"line":74,"column":28}},"38":{"start":{"line":75,"column":4},"end":{"line":75,"column":29}},"39":{"start":{"line":76,"column":4},"end":{"line":76,"column":23}},"40":{"start":{"line":79,"column":33},"end":{"line":87,"column":1}},"41":{"start":{"line":80,"column":4},"end":{"line":81,"column":54}},"42":{"start":{"line":81,"column":8},"end":{"line":81,"column":54}},"43":{"start":{"line":82,"column":24},"end":{"line":82,"column":65}},"44":{"start":{"line":83,"column":4},"end":{"line":84,"column":49}},"45":{"start":{"line":84,"column":8},"end":{"line":84,"column":49}},"46":{"start":{"line":85,"column":4},"end":{"line":85,"column":31}},"47":{"start":{"line":86,"column":4},"end":{"line":86,"column":23}}},"fnMap":{"0":{"name":"(anonymous_0)","decl":{"start":{"line":4,"column":33},"end":{"line":4,"column":34}},"loc":{"start":{"line":4,"column":91},"end":{"line":54,"column":1}},"line":4},"1":{"name":"(anonymous_1)","decl":{"start":{"line":56,"column":30},"end":{"line":56,"column":31}},"loc":{"start":{"line":56,"column":55},"end":{"line":63,"column":1}},"line":56},"2":{"name":"(anonymous_2)","decl":{"start":{"line":65,"column":33},"end":{"line":65,"column":34}},"loc":{"start":{"line":65,"column":87},"end":{"line":77,"column":1}},"line":65},"3":{"name":"(anonymous_3)","decl":{"start":{"line":79,"column":33},"end":{"line":79,"column":34}},"loc":{"start":{"line":79,"column":58},"end":{"line":87,"column":1}},"line":79}},"branchMap":{"0":{"loc":{"start":{"line":5,"column":4},"end":{"line":6,"column":51}},"type":"if","locations":[{"start":{"line":5,"column":4},"end":{"line":6,"column":51}},{"start":{},"end":{}}],"line":5},"1":{"loc":{"start":{"line":5,"column":8},"end":{"line":5,"column":61}},"type":"binary-expr","locations":[{"start":{"line":5,"column":8},"end":{"line":5,"column":15}},{"start":{"line":5,"column":19},"end":{"line":5,"column":29}},{"start":{"line":5,"column":33},"end":{"line":5,"column":40}},{"start":{"line":5,"column":44},"end":{"line":5,"column":49}},{"start":{"line":5,"column":53},"end":{"line":5,"column":61}}],"line":5},"2":{"loc":{"start":{"line":10,"column":4},"end":{"line":11,"column":45}},"type":"if","locations":[{"start":{"line":10,"column":4},"end":{"line":11,"column":45}},{"start":{},"end":{}}],"line":10},"3":{"loc":{"start":{"line":14,"column":4},"end":{"line":15,"column":73}},"type":"if","locations":[{"start":{"line":14,"column":4},"end":{"line":15,"column":73}},{"start":{},"end":{}}],"line":14},"4":{"loc":{"start":{"line":19,"column":4},"end":{"line":30,"column":5}},"type":"if","locations":[{"start":{"line":19,"column":4},"end":{"line":30,"column":5}},{"start":{"line":22,"column":11},"end":{"line":30,"column":5}}],"line":19},"5":{"loc":{"start":{"line":22,"column":11},"end":{"line":30,"column":5}},"type":"if","locations":[{"start":{"line":22,"column":11},"end":{"line":30,"column":5}},{"start":{"line":28,"column":11},"end":{"line":30,"column":5}}],"line":22},"6":{"loc":{"start":{"line":25,"column":8},"end":{"line":26,"column":87}},"type":"if","locations":[{"start":{"line":25,"column":8},"end":{"line":26,"column":87}},{"start":{},"end":{}}],"line":25},"7":{"loc":{"start":{"line":47,"column":4},"end":{"line":49,"column":5}},"type":"if","locations":[{"start":{"line":47,"column":4},"end":{"line":49,"column":5}},{"start":{},"end":{}}],"line":47},"8":{"loc":{"start":{"line":47,"column":8},"end":{"line":47,"column":80}},"type":"binary-expr","locations":[{"start":{"line":47,"column":8},"end":{"line":47,"column":22}},{"start":{"line":47,"column":26},"end":{"line":47,"column":54}},{"start":{"line":47,"column":58},"end":{"line":47,"column":80}}],"line":47},"9":{"loc":{"start":{"line":57,"column":4},"end":{"line":58,"column":54}},"type":"if","locations":[{"start":{"line":57,"column":4},"end":{"line":58,"column":54}},{"start":{},"end":{}}],"line":57},"10":{"loc":{"start":{"line":60,"column":4},"end":{"line":61,"column":49}},"type":"if","locations":[{"start":{"line":60,"column":4},"end":{"line":61,"column":49}},{"start":{},"end":{}}],"line":60},"11":{"loc":{"start":{"line":66,"column":4},"end":{"line":67,"column":51}},"type":"if","locations":[{"start":{"line":66,"column":4},"end":{"line":67,"column":51}},{"start":{},"end":{}}],"line":66},"12":{"loc":{"start":{"line":66,"column":8},"end":{"line":66,"column":54}},"type":"binary-expr","locations":[{"start":{"line":66,"column":8},"end":{"line":66,"column":22}},{"start":{"line":66,"column":26},"end":{"line":66,"column":33}},{"start":{"line":66,"column":37},"end":{"line":66,"column":42}},{"start":{"line":66,"column":46},"end":{"line":66,"column":54}}],"line":66},"13":{"loc":{"start":{"line":69,"column":4},"end":{"line":70,"column":49}},"type":"if","locations":[{"start":{"line":69,"column":4},"end":{"line":70,"column":49}},{"start":{},"end":{}}],"line":69},"14":{"loc":{"start":{"line":80,"column":4},"end":{"line":81,"column":54}},"type":"if","locations":[{"start":{"line":80,"column":4},"end":{"line":81,"column":54}},{"start":{},"end":{}}],"line":80},"15":{"loc":{"start":{"line":83,"column":4},"end":{"line":84,"column":49}},"type":"if","locations":[{"start":{"line":83,"column":4},"end":{"line":84,"column":49}},{"start":{},"end":{}}],"line":83}},"s":{"0":0,"1":0,"2":0,"3":0,"4":0,"5":0,"6":0,"7":0,"8":0,"9":0,"10":0,"11":0,"12":0,"13":0,"14":0,"15":0,"16":0,"17":0,"18":0,"19":0,"20":0,"21":0,"22":0,"23":0,"24":0,"25":0,"26":0,"27":0,"28":0,"29":0,"30":0,"31":0,"32":0,"33":0,"34":0,"35":0,"36":0,"37":0,"38":0,"39":0,"40":0,"41":0,"42":0,"43":0,"44":0,"45":0,"46":0,"47":0},"f":{"0":0,"1":0,"2":0,"3":0},"b":{"0":[0,0],"1":[0,0,0,0,0],"2":[0,0],"3":[0,0],"4":[0,0],"5":[0,0],"6":[0,0],"7":[0,0],"8":[0,0,0],"9":[0,0],"10":[0,0],"11":[0,0],"12":[0,0,0,0],"13":[0,0],"14":[0,0],"15":[0,0]},"inputSourceMap":null}
,"D:\\web development projects\\ongoing\\money\\backend\\services\\user.services.js": {"path":"D:\\web development projects\\ongoing\\money\\backend\\services\\user.services.js","statementMap":{"0":{"start":{"line":4,"column":26},"end":{"line":11,"column":1}},"1":{"start":{"line":5,"column":4},"end":{"line":6,"column":59}},"2":{"start":{"line":6,"column":8},"end":{"line":6,"column":59}},"3":{"start":{"line":7,"column":27},"end":{"line":7,"column":60}},"4":{"start":{"line":8,"column":17},"end":{"line":8,"column":71}},"5":{"start":{"line":9,"column":4},"end":{"line":9,"column":16}},"6":{"start":{"line":13,"column":25},"end":{"line":23,"column":1}},"7":{"start":{"line":14,"column":4},"end":{"line":15,"column":66}},"8":{"start":{"line":15,"column":8},"end":{"line":15,"column":66}},"9":{"start":{"line":16,"column":17},"end":{"line":16,"column":46}},"10":{"start":{"line":17,"column":4},"end":{"line":18,"column":70}},"11":{"start":{"line":18,"column":8},"end":{"line":18,"column":70}},"12":{"start":{"line":19,"column":28},"end":{"line":19,"column":64}},"13":{"start":{"line":20,"column":4},"end":{"line":21,"column":44}},"14":{"start":{"line":21,"column":8},"end":{"line":21,"column":44}},"15":{"start":{"line":22,"column":4},"end":{"line":22,"column":16}},"16":{"start":{"line":25,"column":27},"end":{"line":32,"column":1}},"17":{"start":{"line":26,"column":4},"end":{"line":27,"column":45}},"18":{"start":{"line":27,"column":8},"end":{"line":27,"column":45}},"19":{"start":{"line":28,"column":17},"end":{"line":28,"column":46}},"20":{"start":{"line":29,"column":4},"end":{"line":30,"column":70}},"21":{"start":{"line":30,"column":8},"end":{"line":30,"column":70}},"22":{"start":{"line":31,"column":4},"end":{"line":31,"column":16}},"23":{"start":{"line":34,"column":30},"end":{"line":39,"column":1}},"24":{"start":{"line":35,"column":4},"end":{"line":36,"column":47}},"25":{"start":{"line":36,"column":8},"end":{"line":36,"column":47}},"26":{"start":{"line":37,"column":21},"end":{"line":37,"column":51}},"27":{"start":{"line":38,"column":4},"end":{"line":38,"column":20}},"28":{"start":{"line":41,"column":34},"end":{"line":46,"column":1}},"29":{"start":{"line":42,"column":4},"end":{"line":43,"column":47}},"30":{"start":{"line":43,"column":8},"end":{"line":43,"column":47}},"31":{"start":{"line":44,"column":25},"end":{"line":44,"column":59}},"32":{"start":{"line":45,"column":4},"end":{"line":45,"column":24}}},"fnMap":{"0":{"name":"(anonymous_0)","decl":{"start":{"line":4,"column":26},"end":{"line":4,"column":27}},"loc":{"start":{"line":4,"column":53},"end":{"line":11,"column":1}},"line":4},"1":{"name":"(anonymous_1)","decl":{"start":{"line":13,"column":25},"end":{"line":13,"column":26}},"loc":{"start":{"line":13,"column":52},"end":{"line":23,"column":1}},"line":13},"2":{"name":"(anonymous_2)","decl":{"start":{"line":25,"column":27},"end":{"line":25,"column":28}},"loc":{"start":{"line":25,"column":44},"end":{"line":32,"column":1}},"line":25},"3":{"name":"(anonymous_3)","decl":{"start":{"line":34,"column":30},"end":{"line":34,"column":31}},"loc":{"start":{"line":34,"column":48},"end":{"line":39,"column":1}},"line":34},"4":{"name":"(anonymous_4)","decl":{"start":{"line":41,"column":34},"end":{"line":41,"column":35}},"loc":{"start":{"line":41,"column":52},"end":{"line":46,"column":1}},"line":41}},"branchMap":{"0":{"loc":{"start":{"line":5,"column":4},"end":{"line":6,"column":59}},"type":"if","locations":[{"start":{"line":5,"column":4},"end":{"line":6,"column":59}},{"start":{},"end":{}}],"line":5},"1":{"loc":{"start":{"line":5,"column":8},"end":{"line":5,"column":27}},"type":"binary-expr","locations":[{"start":{"line":5,"column":8},"end":{"line":5,"column":14}},{"start":{"line":5,"column":18},"end":{"line":5,"column":27}}],"line":5},"2":{"loc":{"start":{"line":14,"column":4},"end":{"line":15,"column":66}},"type":"if","locations":[{"start":{"line":14,"column":4},"end":{"line":15,"column":66}},{"start":{},"end":{}}],"line":14},"3":{"loc":{"start":{"line":14,"column":8},"end":{"line":14,"column":27}},"type":"binary-expr","locations":[{"start":{"line":14,"column":8},"end":{"line":14,"column":14}},{"start":{"line":14,"column":18},"end":{"line":14,"column":27}}],"line":14},"4":{"loc":{"start":{"line":17,"column":4},"end":{"line":18,"column":70}},"type":"if","locations":[{"start":{"line":17,"column":4},"end":{"line":18,"column":70}},{"start":{},"end":{}}],"line":17},"5":{"loc":{"start":{"line":20,"column":4},"end":{"line":21,"column":44}},"type":"if","locations":[{"start":{"line":20,"column":4},"end":{"line":21,"column":44}},{"start":{},"end":{}}],"line":20},"6":{"loc":{"start":{"line":26,"column":4},"end":{"line":27,"column":45}},"type":"if","locations":[{"start":{"line":26,"column":4},"end":{"line":27,"column":45}},{"start":{},"end":{}}],"line":26},"7":{"loc":{"start":{"line":29,"column":4},"end":{"line":30,"column":70}},"type":"if","locations":[{"start":{"line":29,"column":4},"end":{"line":30,"column":70}},{"start":{},"end":{}}],"line":29},"8":{"loc":{"start":{"line":35,"column":4},"end":{"line":36,"column":47}},"type":"if","locations":[{"start":{"line":35,"column":4},"end":{"line":36,"column":47}},{"start":{},"end":{}}],"line":35},"9":{"loc":{"start":{"line":42,"column":4},"end":{"line":43,"column":47}},"type":"if","locations":[{"start":{"line":42,"column":4},"end":{"line":43,"column":47}},{"start":{},"end":{}}],"line":42}},"s":{"0":0,"1":0,"2":0,"3":0,"4":0,"5":0,"6":0,"7":0,"8":0,"9":0,"10":0,"11":0,"12":0,"13":0,"14":0,"15":0,"16":0,"17":0,"18":0,"19":0,"20":0,"21":0,"22":0,"23":0,"24":0,"25":0,"26":0,"27":0,"28":0,"29":0,"30":0,"31":0,"32":0},"f":{"0":0,"1":0,"2":0,"3":0,"4":0},"b":{"0":[0,0],"1":[0,0],"2":[0,0],"3":[0,0],"4":[0,0],"5":[0,0],"6":[0,0],"7":[0,0],"8":[0,0],"9":[0,0]},"inputSourceMap":null}
}
